<?xml version="1.0" encoding="UTF-8"?>
<testng-results ignored="0" total="1" passed="1" failed="0" skipped="0">
  <reporter-output>
  </reporter-output>
  <suite started-at="2026-01-29T18:11:18 IST" name="MilestoneSuite" finished-at="2026-01-29T18:12:14 IST" duration-ms="56459">
    <groups>
    </groups>
    <test started-at="2026-01-29T18:11:18 IST" name="LoginTests" finished-at="2026-01-29T18:12:14 IST" duration-ms="56459">
      <class name="TaskOfMileStone7.LoginTest">
        <test-method is-config="true" signature="setup()[pri:0, instance:TaskOfMileStone7.LoginTest@636be97c]" started-at="2026-01-29T18:11:18 IST" name="setup" finished-at="2026-01-29T18:11:32 IST" duration-ms="13690" status="PASS">
          <reporter-output>
          </reporter-output>
        </test-method> <!-- setup -->
        <test-method signature="verifyLogin()[pri:0, instance:TaskOfMileStone7.LoginTest@636be97c]" started-at="2026-01-29T18:11:32 IST" name="verifyLogin" finished-at="2026-01-29T18:12:14 IST" duration-ms="42729" status="PASS">
          <reporter-output>
          </reporter-output>
        </test-method> <!-- verifyLogin -->
        <test-method is-config="true" signature="tearDown()[pri:0, instance:TaskOfMileStone7.LoginTest@636be97c]" started-at="2026-01-29T18:12:14 IST" name="tearDown" finished-at="2026-01-29T18:12:14 IST" duration-ms="0" status="PASS">
          <reporter-output>
          </reporter-output>
        </test-method> <!-- tearDown -->
      </class> <!-- TaskOfMileStone7.LoginTest -->
    </test> <!-- LoginTests -->
  </suite> <!-- MilestoneSuite -->
</testng-results>
